<?xml version="1.0" encoding="UTF-8"?>
<testsuite xmlns:xsi="http://www.w3.org/2001/XMLSchema-instance" xsi:noNamespaceSchemaLocation="https://maven.apache.org/surefire/maven-surefire-plugin/xsd/surefire-test-report-3.0.xsd" version="3.0" name="com.client.tmp.ClientTmpApplicationTests" time="23.423" tests="1" errors="0" skipped="0" failures="0">
  <properties>
    <property name="java.specification.version" value="17"/>
    <property name="sun.cpu.isalist" value="amd64"/>
    <property name="sun.jnu.encoding" value="Cp1252"/>
    <property name="java.class.path" value="C:\Users\ORIGINAL\Downloads\Microservices_Tmp_Taxe\Microservices_Tmp_Taxe\Client_Tmp\target\test-classes;C:\Users\ORIGINAL\Downloads\Microservices_Tmp_Taxe\Microservices_Tmp_Taxe\Client_Tmp\target\classes;C:\Users\ORIGINAL\.m2\repository\org\springframework\boot\spring-boot-starter-data-jpa\3.2.1\spring-boot-starter-data-jpa-3.2.1.jar;C:\Users\ORIGINAL\.m2\repository\org\springframework\boot\spring-boot-starter-aop\3.2.1\spring-boot-starter-aop-3.2.1.jar;C:\Users\ORIGINAL\.m2\repository\org\springframework\spring-aop\6.1.2\spring-aop-6.1.2.jar;C:\Users\ORIGINAL\.m2\repository\org\aspectj\aspectjweaver\1.9.21\aspectjweaver-1.9.21.jar;C:\Users\ORIGINAL\.m2\repository\org\springframework\boot\spring-boot-starter-jdbc\3.2.1\spring-boot-starter-jdbc-3.2.1.jar;C:\Users\ORIGINAL\.m2\repository\com\zaxxer\HikariCP\5.0.1\HikariCP-5.0.1.jar;C:\Users\ORIGINAL\.m2\repository\org\springframework\spring-jdbc\6.1.2\spring-jdbc-6.1.2.jar;C:\Users\ORIGINAL\.m2\repository\org\hibernate\orm\hibernate-core\6.4.1.Final\hibernate-core-6.4.1.Final.jar;C:\Users\ORIGINAL\.m2\repository\jakarta\persistence\jakarta.persistence-api\3.1.0\jakarta.persistence-api-3.1.0.jar;C:\Users\ORIGINAL\.m2\repository\jakarta\transaction\jakarta.transaction-api\2.0.1\jakarta.transaction-api-2.0.1.jar;C:\Users\ORIGINAL\.m2\repository\org\jboss\logging\jboss-logging\3.5.3.Final\jboss-logging-3.5.3.Final.jar;C:\Users\ORIGINAL\.m2\repository\org\hibernate\common\hibernate-commons-annotations\6.0.6.Final\hibernate-commons-annotations-6.0.6.Final.jar;C:\Users\ORIGINAL\.m2\repository\io\smallrye\jandex\3.1.2\jandex-3.1.2.jar;C:\Users\ORIGINAL\.m2\repository\com\fasterxml\classmate\1.6.0\classmate-1.6.0.jar;C:\Users\ORIGINAL\.m2\repository\net\bytebuddy\byte-buddy\1.14.10\byte-buddy-1.14.10.jar;C:\Users\ORIGINAL\.m2\repository\org\glassfish\jaxb\jaxb-runtime\4.0.4\jaxb-runtime-4.0.4.jar;C:\Users\ORIGINAL\.m2\repository\org\glassfish\jaxb\jaxb-core\4.0.4\jaxb-core-4.0.4.jar;C:\Users\ORIGINAL\.m2\repository\org\glassfish\jaxb\txw2\4.0.4\txw2-4.0.4.jar;C:\Users\ORIGINAL\.m2\repository\com\sun\istack\istack-commons-runtime\4.1.2\istack-commons-runtime-4.1.2.jar;C:\Users\ORIGINAL\.m2\repository\jakarta\inject\jakarta.inject-api\2.0.1\jakarta.inject-api-2.0.1.jar;C:\Users\ORIGINAL\.m2\repository\org\antlr\antlr4-runtime\4.13.0\antlr4-runtime-4.13.0.jar;C:\Users\ORIGINAL\.m2\repository\org\springframework\data\spring-data-jpa\3.2.1\spring-data-jpa-3.2.1.jar;C:\Users\ORIGINAL\.m2\repository\org\springframework\data\spring-data-commons\3.2.1\spring-data-commons-3.2.1.jar;C:\Users\ORIGINAL\.m2\repository\org\springframework\spring-orm\6.1.2\spring-orm-6.1.2.jar;C:\Users\ORIGINAL\.m2\repository\org\springframework\spring-tx\6.1.2\spring-tx-6.1.2.jar;C:\Users\ORIGINAL\.m2\repository\org\slf4j\slf4j-api\2.0.9\slf4j-api-2.0.9.jar;C:\Users\ORIGINAL\.m2\repository\org\springframework\spring-aspects\6.1.2\spring-aspects-6.1.2.jar;C:\Users\ORIGINAL\.m2\repository\org\springframework\boot\spring-boot-starter-graphql\3.2.1\spring-boot-starter-graphql-3.2.1.jar;C:\Users\ORIGINAL\.m2\repository\org\springframework\boot\spring-boot-starter\3.2.1\spring-boot-starter-3.2.1.jar;C:\Users\ORIGINAL\.m2\repository\org\springframework\boot\spring-boot\3.2.1\spring-boot-3.2.1.jar;C:\Users\ORIGINAL\.m2\repository\org\springframework\boot\spring-boot-autoconfigure\3.2.1\spring-boot-autoconfigure-3.2.1.jar;C:\Users\ORIGINAL\.m2\repository\org\springframework\boot\spring-boot-starter-logging\3.2.1\spring-boot-starter-logging-3.2.1.jar;C:\Users\ORIGINAL\.m2\repository\ch\qos\logback\logback-classic\1.4.14\logback-classic-1.4.14.jar;C:\Users\ORIGINAL\.m2\repository\ch\qos\logback\logback-core\1.4.14\logback-core-1.4.14.jar;C:\Users\ORIGINAL\.m2\repository\org\apache\logging\log4j\log4j-to-slf4j\2.21.1\log4j-to-slf4j-2.21.1.jar;C:\Users\ORIGINAL\.m2\repository\org\apache\logging\log4j\log4j-api\2.21.1\log4j-api-2.21.1.jar;C:\Users\ORIGINAL\.m2\repository\org\slf4j\jul-to-slf4j\2.0.9\jul-to-slf4j-2.0.9.jar;C:\Users\ORIGINAL\.m2\repository\org\yaml\snakeyaml\2.2\snakeyaml-2.2.jar;C:\Users\ORIGINAL\.m2\repository\org\springframework\boot\spring-boot-starter-json\3.2.1\spring-boot-starter-json-3.2.1.jar;C:\Users\ORIGINAL\.m2\repository\com\fasterxml\jackson\core\jackson-databind\2.15.3\jackson-databind-2.15.3.jar;C:\Users\ORIGINAL\.m2\repository\com\fasterxml\jackson\datatype\jackson-datatype-jdk8\2.15.3\jackson-datatype-jdk8-2.15.3.jar;C:\Users\ORIGINAL\.m2\repository\com\fasterxml\jackson\datatype\jackson-datatype-jsr310\2.15.3\jackson-datatype-jsr310-2.15.3.jar;C:\Users\ORIGINAL\.m2\repository\com\fasterxml\jackson\module\jackson-module-parameter-names\2.15.3\jackson-module-parameter-names-2.15.3.jar;C:\Users\ORIGINAL\.m2\repository\org\springframework\graphql\spring-graphql\1.2.4\spring-graphql-1.2.4.jar;C:\Users\ORIGINAL\.m2\repository\io\micrometer\context-propagation\1.0.6\context-propagation-1.0.6.jar;C:\Users\ORIGINAL\.m2\repository\org\springframework\boot\spring-boot-starter-web\3.2.1\spring-boot-starter-web-3.2.1.jar;C:\Users\ORIGINAL\.m2\repository\org\springframework\boot\spring-boot-starter-tomcat\3.2.1\spring-boot-starter-tomcat-3.2.1.jar;C:\Users\ORIGINAL\.m2\repository\org\apache\tomcat\embed\tomcat-embed-core\10.1.17\tomcat-embed-core-10.1.17.jar;C:\Users\ORIGINAL\.m2\repository\org\apache\tomcat\embed\tomcat-embed-el\10.1.17\tomcat-embed-el-10.1.17.jar;C:\Users\ORIGINAL\.m2\repository\org\apache\tomcat\embed\tomcat-embed-websocket\10.1.17\tomcat-embed-websocket-10.1.17.jar;C:\Users\ORIGINAL\.m2\repository\org\springframework\spring-web\6.1.2\spring-web-6.1.2.jar;C:\Users\ORIGINAL\.m2\repository\io\micrometer\micrometer-observation\1.12.1\micrometer-observation-1.12.1.jar;C:\Users\ORIGINAL\.m2\repository\io\micrometer\micrometer-commons\1.12.1\micrometer-commons-1.12.1.jar;C:\Users\ORIGINAL\.m2\repository\org\springframework\spring-webmvc\6.1.2\spring-webmvc-6.1.2.jar;C:\Users\ORIGINAL\.m2\repository\org\springframework\spring-expression\6.1.2\spring-expression-6.1.2.jar;C:\Users\ORIGINAL\.m2\repository\com\h2database\h2\2.2.224\h2-2.2.224.jar;C:\Users\ORIGINAL\.m2\repository\org\projectlombok\lombok\1.18.30\lombok-1.18.30.jar;C:\Users\ORIGINAL\.m2\repository\org\springframework\boot\spring-boot-starter-test\3.2.1\spring-boot-starter-test-3.2.1.jar;C:\Users\ORIGINAL\.m2\repository\org\springframework\boot\spring-boot-test\3.2.1\spring-boot-test-3.2.1.jar;C:\Users\ORIGINAL\.m2\repository\org\springframework\boot\spring-boot-test-autoconfigure\3.2.1\spring-boot-test-autoconfigure-3.2.1.jar;C:\Users\ORIGINAL\.m2\repository\com\jayway\jsonpath\json-path\2.8.0\json-path-2.8.0.jar;C:\Users\ORIGINAL\.m2\repository\jakarta\xml\bind\jakarta.xml.bind-api\4.0.1\jakarta.xml.bind-api-4.0.1.jar;C:\Users\ORIGINAL\.m2\repository\net\minidev\json-smart\2.5.0\json-smart-2.5.0.jar;C:\Users\ORIGINAL\.m2\repository\net\minidev\accessors-smart\2.5.0\accessors-smart-2.5.0.jar;C:\Users\ORIGINAL\.m2\repository\org\assertj\assertj-core\3.24.2\assertj-core-3.24.2.jar;C:\Users\ORIGINAL\.m2\repository\org\awaitility\awaitility\4.2.0\awaitility-4.2.0.jar;C:\Users\ORIGINAL\.m2\repository\org\hamcrest\hamcrest\2.2\hamcrest-2.2.jar;C:\Users\ORIGINAL\.m2\repository\org\junit\jupiter\junit-jupiter\5.10.1\junit-jupiter-5.10.1.jar;C:\Users\ORIGINAL\.m2\repository\org\junit\jupiter\junit-jupiter-api\5.10.1\junit-jupiter-api-5.10.1.jar;C:\Users\ORIGINAL\.m2\repository\org\opentest4j\opentest4j\1.3.0\opentest4j-1.3.0.jar;C:\Users\ORIGINAL\.m2\repository\org\junit\platform\junit-platform-commons\1.10.1\junit-platform-commons-1.10.1.jar;C:\Users\ORIGINAL\.m2\repository\org\apiguardian\apiguardian-api\1.1.2\apiguardian-api-1.1.2.jar;C:\Users\ORIGINAL\.m2\repository\org\junit\jupiter\junit-jupiter-params\5.10.1\junit-jupiter-params-5.10.1.jar;C:\Users\ORIGINAL\.m2\repository\org\junit\jupiter\junit-jupiter-engine\5.10.1\junit-jupiter-engine-5.10.1.jar;C:\Users\ORIGINAL\.m2\repository\org\junit\platform\junit-platform-engine\1.10.1\junit-platform-engine-1.10.1.jar;C:\Users\ORIGINAL\.m2\repository\org\mockito\mockito-core\5.7.0\mockito-core-5.7.0.jar;C:\Users\ORIGINAL\.m2\repository\net\bytebuddy\byte-buddy-agent\1.14.10\byte-buddy-agent-1.14.10.jar;C:\Users\ORIGINAL\.m2\repository\org\objenesis\objenesis\3.3\objenesis-3.3.jar;C:\Users\ORIGINAL\.m2\repository\org\mockito\mockito-junit-jupiter\5.7.0\mockito-junit-jupiter-5.7.0.jar;C:\Users\ORIGINAL\.m2\repository\org\skyscreamer\jsonassert\1.5.1\jsonassert-1.5.1.jar;C:\Users\ORIGINAL\.m2\repository\com\vaadin\external\google\android-json\0.0.20131108.vaadin1\android-json-0.0.20131108.vaadin1.jar;C:\Users\ORIGINAL\.m2\repository\org\springframework\spring-core\6.1.2\spring-core-6.1.2.jar;C:\Users\ORIGINAL\.m2\repository\org\springframework\spring-jcl\6.1.2\spring-jcl-6.1.2.jar;C:\Users\ORIGINAL\.m2\repository\org\springframework\spring-test\6.1.2\spring-test-6.1.2.jar;C:\Users\ORIGINAL\.m2\repository\org\xmlunit\xmlunit-core\2.9.1\xmlunit-core-2.9.1.jar;C:\Users\ORIGINAL\.m2\repository\org\springframework\spring-webflux\6.1.2\spring-webflux-6.1.2.jar;C:\Users\ORIGINAL\.m2\repository\org\springframework\spring-beans\6.1.2\spring-beans-6.1.2.jar;C:\Users\ORIGINAL\.m2\repository\io\projectreactor\reactor-core\3.6.1\reactor-core-3.6.1.jar;C:\Users\ORIGINAL\.m2\repository\org\reactivestreams\reactive-streams\1.0.4\reactive-streams-1.0.4.jar;C:\Users\ORIGINAL\.m2\repository\org\springframework\graphql\spring-graphql-test\1.2.4\spring-graphql-test-1.2.4.jar;C:\Users\ORIGINAL\.m2\repository\com\graphql-java\graphql-java\21.3\graphql-java-21.3.jar;C:\Users\ORIGINAL\.m2\repository\com\graphql-java\java-dataloader\3.2.1\java-dataloader-3.2.1.jar;C:\Users\ORIGINAL\.m2\repository\org\springframework\spring-context\6.1.2\spring-context-6.1.2.jar;C:\Users\ORIGINAL\.m2\repository\org\modelmapper\modelmapper\2.4.4\modelmapper-2.4.4.jar;C:\Users\ORIGINAL\.m2\repository\org\springframework\cloud\spring-cloud-starter-openfeign\4.0.4\spring-cloud-starter-openfeign-4.0.4.jar;C:\Users\ORIGINAL\.m2\repository\org\springframework\cloud\spring-cloud-starter\4.0.4\spring-cloud-starter-4.0.4.jar;C:\Users\ORIGINAL\.m2\repository\org\springframework\cloud\spring-cloud-context\4.0.4\spring-cloud-context-4.0.4.jar;C:\Users\ORIGINAL\.m2\repository\org\springframework\security\spring-security-rsa\1.0.12.RELEASE\spring-security-rsa-1.0.12.RELEASE.jar;C:\Users\ORIGINAL\.m2\repository\org\bouncycastle\bcpkix-jdk18on\1.73\bcpkix-jdk18on-1.73.jar;C:\Users\ORIGINAL\.m2\repository\org\bouncycastle\bcprov-jdk18on\1.73\bcprov-jdk18on-1.73.jar;C:\Users\ORIGINAL\.m2\repository\org\bouncycastle\bcutil-jdk18on\1.73\bcutil-jdk18on-1.73.jar;C:\Users\ORIGINAL\.m2\repository\org\springframework\cloud\spring-cloud-openfeign-core\4.0.4\spring-cloud-openfeign-core-4.0.4.jar;C:\Users\ORIGINAL\.m2\repository\io\github\openfeign\form\feign-form-spring\3.8.0\feign-form-spring-3.8.0.jar;C:\Users\ORIGINAL\.m2\repository\io\github\openfeign\form\feign-form\3.8.0\feign-form-3.8.0.jar;C:\Users\ORIGINAL\.m2\repository\commons-fileupload\commons-fileupload\1.5\commons-fileupload-1.5.jar;C:\Users\ORIGINAL\.m2\repository\commons-io\commons-io\2.11.0\commons-io-2.11.0.jar;C:\Users\ORIGINAL\.m2\repository\org\springframework\cloud\spring-cloud-commons\4.0.4\spring-cloud-commons-4.0.4.jar;C:\Users\ORIGINAL\.m2\repository\org\springframework\security\spring-security-crypto\6.2.1\spring-security-crypto-6.2.1.jar;C:\Users\ORIGINAL\.m2\repository\io\github\openfeign\feign-core\12.4\feign-core-12.4.jar;C:\Users\ORIGINAL\.m2\repository\io\github\openfeign\feign-slf4j\12.4\feign-slf4j-12.4.jar;C:\Users\ORIGINAL\.m2\repository\org\springdoc\springdoc-openapi-starter-webmvc-ui\2.2.0\springdoc-openapi-starter-webmvc-ui-2.2.0.jar;C:\Users\ORIGINAL\.m2\repository\org\springdoc\springdoc-openapi-starter-webmvc-api\2.2.0\springdoc-openapi-starter-webmvc-api-2.2.0.jar;C:\Users\ORIGINAL\.m2\repository\org\springdoc\springdoc-openapi-starter-common\2.2.0\springdoc-openapi-starter-common-2.2.0.jar;C:\Users\ORIGINAL\.m2\repository\io\swagger\core\v3\swagger-core-jakarta\2.2.15\swagger-core-jakarta-2.2.15.jar;C:\Users\ORIGINAL\.m2\repository\org\apache\commons\commons-lang3\3.13.0\commons-lang3-3.13.0.jar;C:\Users\ORIGINAL\.m2\repository\io\swagger\core\v3\swagger-annotations-jakarta\2.2.15\swagger-annotations-jakarta-2.2.15.jar;C:\Users\ORIGINAL\.m2\repository\io\swagger\core\v3\swagger-models-jakarta\2.2.15\swagger-models-jakarta-2.2.15.jar;C:\Users\ORIGINAL\.m2\repository\com\fasterxml\jackson\dataformat\jackson-dataformat-yaml\2.15.3\jackson-dataformat-yaml-2.15.3.jar;C:\Users\ORIGINAL\.m2\repository\org\webjars\swagger-ui\5.2.0\swagger-ui-5.2.0.jar;C:\Users\ORIGINAL\.m2\repository\org\apache\cxf\cxf-spring-boot-starter-jaxws\4.0.2\cxf-spring-boot-starter-jaxws-4.0.2.jar;C:\Users\ORIGINAL\.m2\repository\org\apache\cxf\cxf-spring-boot-autoconfigure\4.0.2\cxf-spring-boot-autoconfigure-4.0.2.jar;C:\Users\ORIGINAL\.m2\repository\org\apache\cxf\cxf-rt-transports-http\4.0.2\cxf-rt-transports-http-4.0.2.jar;C:\Users\ORIGINAL\.m2\repository\org\apache\cxf\cxf-core\4.0.2\cxf-core-4.0.2.jar;C:\Users\ORIGINAL\.m2\repository\org\apache\ws\xmlschema\xmlschema-core\2.3.0\xmlschema-core-2.3.0.jar;C:\Users\ORIGINAL\.m2\repository\org\apache\cxf\cxf-rt-frontend-jaxws\4.0.2\cxf-rt-frontend-jaxws-4.0.2.jar;C:\Users\ORIGINAL\.m2\repository\xml-resolver\xml-resolver\1.2\xml-resolver-1.2.jar;C:\Users\ORIGINAL\.m2\repository\org\ow2\asm\asm\9.5\asm-9.5.jar;C:\Users\ORIGINAL\.m2\repository\org\apache\cxf\cxf-rt-bindings-soap\4.0.2\cxf-rt-bindings-soap-4.0.2.jar;C:\Users\ORIGINAL\.m2\repository\jakarta\jws\jakarta.jws-api\3.0.0\jakarta.jws-api-3.0.0.jar;C:\Users\ORIGINAL\.m2\repository\org\apache\cxf\cxf-rt-wsdl\4.0.2\cxf-rt-wsdl-4.0.2.jar;C:\Users\ORIGINAL\.m2\repository\wsdl4j\wsdl4j\1.6.3\wsdl4j-1.6.3.jar;C:\Users\ORIGINAL\.m2\repository\org\apache\cxf\cxf-rt-databinding-jaxb\4.0.2\cxf-rt-databinding-jaxb-4.0.2.jar;C:\Users\ORIGINAL\.m2\repository\org\apache\cxf\cxf-rt-bindings-xml\4.0.2\cxf-rt-bindings-xml-4.0.2.jar;C:\Users\ORIGINAL\.m2\repository\org\apache\cxf\cxf-rt-frontend-simple\4.0.2\cxf-rt-frontend-simple-4.0.2.jar;C:\Users\ORIGINAL\.m2\repository\org\apache\cxf\cxf-rt-ws-addr\4.0.2\cxf-rt-ws-addr-4.0.2.jar;C:\Users\ORIGINAL\.m2\repository\org\apache\cxf\cxf-rt-ws-policy\4.0.2\cxf-rt-ws-policy-4.0.2.jar;C:\Users\ORIGINAL\.m2\repository\org\apache\neethi\neethi\3.2.0\neethi-3.2.0.jar;C:\Users\ORIGINAL\.m2\repository\org\eclipse\angus\angus-activation\2.0.1\angus-activation-2.0.1.jar;C:\Users\ORIGINAL\.m2\repository\org\apache\cxf\cxf-rt-features-metrics\4.0.2\cxf-rt-features-metrics-4.0.2.jar;C:\Users\ORIGINAL\.m2\repository\jakarta\validation\jakarta.validation-api\3.0.2\jakarta.validation-api-3.0.2.jar;C:\Users\ORIGINAL\.m2\repository\org\springframework\boot\spring-boot-starter-validation\3.2.1\spring-boot-starter-validation-3.2.1.jar;C:\Users\ORIGINAL\.m2\repository\org\hibernate\validator\hibernate-validator\8.0.1.Final\hibernate-validator-8.0.1.Final.jar;C:\Users\ORIGINAL\.m2\repository\com\sun\xml\ws\jaxws-rt\4.0.1\jaxws-rt-4.0.1.jar;C:\Users\ORIGINAL\.m2\repository\com\sun\xml\bind\jaxb-impl\4.0.4\jaxb-impl-4.0.4.jar;C:\Users\ORIGINAL\.m2\repository\com\sun\xml\bind\jaxb-core\4.0.4\jaxb-core-4.0.4.jar;C:\Users\ORIGINAL\.m2\repository\org\glassfish\ha\ha-api\3.1.13\ha-api-3.1.13.jar;C:\Users\ORIGINAL\.m2\repository\org\glassfish\external\management-api\3.2.3\management-api-3.2.3.jar;C:\Users\ORIGINAL\.m2\repository\org\glassfish\gmbal\gmbal-api-only\4.0.3\gmbal-api-only-4.0.3.jar;C:\Users\ORIGINAL\.m2\repository\org\jvnet\staxex\stax-ex\2.1.0\stax-ex-2.1.0.jar;C:\Users\ORIGINAL\.m2\repository\com\sun\xml\stream\buffer\streambuffer\2.1.0\streambuffer-2.1.0.jar;C:\Users\ORIGINAL\.m2\repository\org\jvnet\mimepull\mimepull\1.10.0\mimepull-1.10.0.jar;C:\Users\ORIGINAL\.m2\repository\com\sun\xml\fastinfoset\FastInfoset\2.1.0\FastInfoset-2.1.0.jar;C:\Users\ORIGINAL\.m2\repository\jakarta\mail\jakarta.mail-api\2.1.2\jakarta.mail-api-2.1.2.jar;C:\Users\ORIGINAL\.m2\repository\org\eclipse\angus\angus-mail\2.0.2\angus-mail-2.0.2.jar;C:\Users\ORIGINAL\.m2\repository\com\sun\xml\messaging\saaj\saaj-impl\3.0.3\saaj-impl-3.0.3.jar;C:\Users\ORIGINAL\.m2\repository\com\fasterxml\woodstox\woodstox-core\6.5.0\woodstox-core-6.5.0.jar;C:\Users\ORIGINAL\.m2\repository\org\codehaus\woodstox\stax2-api\4.2.1\stax2-api-4.2.1.jar;C:\Users\ORIGINAL\.m2\repository\com\sun\xml\ws\jaxws-tools\4.0.1\jaxws-tools-4.0.1.jar;C:\Users\ORIGINAL\.m2\repository\com\sun\xml\bind\jaxb-xjc\4.0.4\jaxb-xjc-4.0.4.jar;C:\Users\ORIGINAL\.m2\repository\com\sun\xml\bind\jaxb-jxc\4.0.4\jaxb-jxc-4.0.4.jar;C:\Users\ORIGINAL\.m2\repository\com\sun\xml\ws\jaxws-eclipselink-plugin\4.0.1\jaxws-eclipselink-plugin-4.0.1.jar;C:\Users\ORIGINAL\.m2\repository\org\eclipse\persistence\org.eclipse.persistence.moxy\4.0.0\org.eclipse.persistence.moxy-4.0.0.jar;C:\Users\ORIGINAL\.m2\repository\org\eclipse\persistence\org.eclipse.persistence.asm\9.4.0\org.eclipse.persistence.asm-9.4.0.jar;C:\Users\ORIGINAL\.m2\repository\org\eclipse\persistence\org.eclipse.persistence.core\4.0.0\org.eclipse.persistence.core-4.0.0.jar;C:\Users\ORIGINAL\.m2\repository\com\sun\xml\ws\sdo-eclipselink-plugin\4.0.1\sdo-eclipselink-plugin-4.0.1.jar;C:\Users\ORIGINAL\.m2\repository\org\eclipse\persistence\org.eclipse.persistence.sdo\4.0.0\org.eclipse.persistence.sdo-4.0.0.jar;C:\Users\ORIGINAL\.m2\repository\jakarta\activation\jakarta.activation-api\2.1.2\jakarta.activation-api-2.1.2.jar;C:\Users\ORIGINAL\.m2\repository\jakarta\xml\ws\jakarta.xml.ws-api\4.0.1\jakarta.xml.ws-api-4.0.1.jar;C:\Users\ORIGINAL\.m2\repository\jakarta\xml\soap\jakarta.xml.soap-api\3.0.1\jakarta.xml.soap-api-3.0.1.jar;C:\Users\ORIGINAL\.m2\repository\com\google\protobuf\protobuf-java\3.24.3\protobuf-java-3.24.3.jar;C:\Users\ORIGINAL\.m2\repository\jakarta\annotation\jakarta.annotation-api\2.1.1\jakarta.annotation-api-2.1.1.jar;C:\Users\ORIGINAL\.m2\repository\javax\annotation\javax.annotation-api\1.3.2\javax.annotation-api-1.3.2.jar;C:\Users\ORIGINAL\.m2\repository\net\devh\grpc-spring-boot-starter\2.14.0.RELEASE\grpc-spring-boot-starter-2.14.0.RELEASE.jar;C:\Users\ORIGINAL\.m2\repository\net\devh\grpc-server-spring-boot-starter\2.14.0.RELEASE\grpc-server-spring-boot-starter-2.14.0.RELEASE.jar;C:\Users\ORIGINAL\.m2\repository\net\devh\grpc-server-spring-boot-autoconfigure\2.14.0.RELEASE\grpc-server-spring-boot-autoconfigure-2.14.0.RELEASE.jar;C:\Users\ORIGINAL\.m2\repository\net\devh\grpc-common-spring-boot\2.14.0.RELEASE\grpc-common-spring-boot-2.14.0.RELEASE.jar;C:\Users\ORIGINAL\.m2\repository\io\grpc\grpc-core\1.51.0\grpc-core-1.51.0.jar;C:\Users\ORIGINAL\.m2\repository\com\google\android\annotations\4.1.1.4\annotations-4.1.1.4.jar;C:\Users\ORIGINAL\.m2\repository\org\codehaus\mojo\animal-sniffer-annotations\1.21\animal-sniffer-annotations-1.21.jar;C:\Users\ORIGINAL\.m2\repository\io\grpc\grpc-netty-shaded\1.51.0\grpc-netty-shaded-1.51.0.jar;C:\Users\ORIGINAL\.m2\repository\com\google\errorprone\error_prone_annotations\2.14.0\error_prone_annotations-2.14.0.jar;C:\Users\ORIGINAL\.m2\repository\io\perfmark\perfmark-api\0.25.0\perfmark-api-0.25.0.jar;C:\Users\ORIGINAL\.m2\repository\io\grpc\grpc-protobuf\1.51.0\grpc-protobuf-1.51.0.jar;C:\Users\ORIGINAL\.m2\repository\com\google\api\grpc\proto-google-common-protos\2.9.0\proto-google-common-protos-2.9.0.jar;C:\Users\ORIGINAL\.m2\repository\io\grpc\grpc-protobuf-lite\1.51.0\grpc-protobuf-lite-1.51.0.jar;C:\Users\ORIGINAL\.m2\repository\io\grpc\grpc-stub\1.51.0\grpc-stub-1.51.0.jar;C:\Users\ORIGINAL\.m2\repository\io\grpc\grpc-services\1.51.0\grpc-services-1.51.0.jar;C:\Users\ORIGINAL\.m2\repository\com\google\protobuf\protobuf-java-util\3.21.7\protobuf-java-util-3.21.7.jar;C:\Users\ORIGINAL\.m2\repository\com\google\j2objc\j2objc-annotations\1.3\j2objc-annotations-1.3.jar;C:\Users\ORIGINAL\.m2\repository\io\grpc\grpc-api\1.51.0\grpc-api-1.51.0.jar;C:\Users\ORIGINAL\.m2\repository\io\grpc\grpc-context\1.51.0\grpc-context-1.51.0.jar;C:\Users\ORIGINAL\.m2\repository\net\devh\grpc-client-spring-boot-starter\2.14.0.RELEASE\grpc-client-spring-boot-starter-2.14.0.RELEASE.jar;C:\Users\ORIGINAL\.m2\repository\net\devh\grpc-client-spring-boot-autoconfigure\2.14.0.RELEASE\grpc-client-spring-boot-autoconfigure-2.14.0.RELEASE.jar;C:\Users\ORIGINAL\.m2\repository\com\mysql\mysql-connector-j\8.1.0\mysql-connector-j-8.1.0.jar;C:\Users\ORIGINAL\.m2\repository\org\springframework\cloud\spring-cloud-starter-loadbalancer\4.0.4\spring-cloud-starter-loadbalancer-4.0.4.jar;C:\Users\ORIGINAL\.m2\repository\org\springframework\cloud\spring-cloud-loadbalancer\4.0.4\spring-cloud-loadbalancer-4.0.4.jar;C:\Users\ORIGINAL\.m2\repository\io\projectreactor\addons\reactor-extra\3.5.1\reactor-extra-3.5.1.jar;C:\Users\ORIGINAL\.m2\repository\org\springframework\boot\spring-boot-starter-cache\3.2.1\spring-boot-starter-cache-3.2.1.jar;C:\Users\ORIGINAL\.m2\repository\org\springframework\spring-context-support\6.1.2\spring-context-support-6.1.2.jar;C:\Users\ORIGINAL\.m2\repository\com\stoyanr\evictor\1.0.0\evictor-1.0.0.jar;C:\Users\ORIGINAL\.m2\repository\org\springframework\cloud\spring-cloud-starter-netflix-eureka-client\4.0.0\spring-cloud-starter-netflix-eureka-client-4.0.0.jar;C:\Users\ORIGINAL\.m2\repository\org\springframework\cloud\spring-cloud-netflix-eureka-client\4.0.0\spring-cloud-netflix-eureka-client-4.0.0.jar;C:\Users\ORIGINAL\.m2\repository\org\apache\httpcomponents\client5\httpclient5\5.2.3\httpclient5-5.2.3.jar;C:\Users\ORIGINAL\.m2\repository\org\apache\httpcomponents\core5\httpcore5\5.2.4\httpcore5-5.2.4.jar;C:\Users\ORIGINAL\.m2\repository\org\apache\httpcomponents\core5\httpcore5-h2\5.2.4\httpcore5-h2-5.2.4.jar;C:\Users\ORIGINAL\.m2\repository\com\netflix\eureka\eureka-client\2.0.0\eureka-client-2.0.0.jar;C:\Users\ORIGINAL\.m2\repository\com\netflix\netflix-commons\netflix-eventbus\0.3.0\netflix-eventbus-0.3.0.jar;C:\Users\ORIGINAL\.m2\repository\com\netflix\netflix-commons\netflix-infix\0.3.0\netflix-infix-0.3.0.jar;C:\Users\ORIGINAL\.m2\repository\commons-jxpath\commons-jxpath\1.3\commons-jxpath-1.3.jar;C:\Users\ORIGINAL\.m2\repository\joda-time\joda-time\2.3\joda-time-2.3.jar;C:\Users\ORIGINAL\.m2\repository\javax\servlet\servlet-api\2.5\servlet-api-2.5.jar;C:\Users\ORIGINAL\.m2\repository\org\antlr\antlr-runtime\3.4\antlr-runtime-3.4.jar;C:\Users\ORIGINAL\.m2\repository\org\antlr\stringtemplate\3.2.1\stringtemplate-3.2.1.jar;C:\Users\ORIGINAL\.m2\repository\antlr\antlr\2.7.7\antlr-2.7.7.jar;C:\Users\ORIGINAL\.m2\repository\com\google\code\gson\gson\2.10.1\gson-2.10.1.jar;C:\Users\ORIGINAL\.m2\repository\org\apache\commons\commons-math\2.2\commons-math-2.2.jar;C:\Users\ORIGINAL\.m2\repository\com\thoughtworks\xstream\xstream\1.4.19\xstream-1.4.19.jar;C:\Users\ORIGINAL\.m2\repository\io\github\x-stream\mxparser\1.2.2\mxparser-1.2.2.jar;C:\Users\ORIGINAL\.m2\repository\xmlpull\xmlpull\1.1.3.1\xmlpull-1.1.3.1.jar;C:\Users\ORIGINAL\.m2\repository\com\netflix\archaius\archaius-core\0.7.6\archaius-core-0.7.6.jar;C:\Users\ORIGINAL\.m2\repository\com\google\guava\guava\16.0\guava-16.0.jar;C:\Users\ORIGINAL\.m2\repository\jakarta\ws\rs\jakarta.ws.rs-api\3.1.0\jakarta.ws.rs-api-3.1.0.jar;C:\Users\ORIGINAL\.m2\repository\com\netflix\servo\servo-core\0.12.21\servo-core-0.12.21.jar;C:\Users\ORIGINAL\.m2\repository\org\apache\httpcomponents\httpclient\4.5.3\httpclient-4.5.3.jar;C:\Users\ORIGINAL\.m2\repository\org\apache\httpcomponents\httpcore\4.4.16\httpcore-4.4.16.jar;C:\Users\ORIGINAL\.m2\repository\commons-logging\commons-logging\1.2\commons-logging-1.2.jar;C:\Users\ORIGINAL\.m2\repository\commons-codec\commons-codec\1.16.0\commons-codec-1.16.0.jar;C:\Users\ORIGINAL\.m2\repository\com\google\code\findbugs\jsr305\3.0.2\jsr305-3.0.2.jar;C:\Users\ORIGINAL\.m2\repository\commons-configuration\commons-configuration\1.10\commons-configuration-1.10.jar;C:\Users\ORIGINAL\.m2\repository\commons-lang\commons-lang\2.6\commons-lang-2.6.jar;C:\Users\ORIGINAL\.m2\repository\com\github\vlsi\compactmap\compactmap\2.0\compactmap-2.0.jar;C:\Users\ORIGINAL\.m2\repository\com\github\andrewoma\dexx\dexx-collections\0.2\dexx-collections-0.2.jar;C:\Users\ORIGINAL\.m2\repository\com\fasterxml\jackson\core\jackson-annotations\2.15.3\jackson-annotations-2.15.3.jar;C:\Users\ORIGINAL\.m2\repository\com\fasterxml\jackson\core\jackson-core\2.15.3\jackson-core-2.15.3.jar;C:\Users\ORIGINAL\.m2\repository\org\codehaus\jettison\jettison\1.4.0\jettison-1.4.0.jar;C:\Users\ORIGINAL\.m2\repository\com\netflix\eureka\eureka-core\2.0.0\eureka-core-2.0.0.jar;C:\Users\ORIGINAL\.m2\repository\jakarta\servlet\jakarta.servlet-api\6.0.0\jakarta.servlet-api-6.0.0.jar;"/>
    <property name="java.vm.vendor" value="Oracle Corporation"/>
    <property name="sun.arch.data.model" value="64"/>
    <property name="user.variant" value=""/>
    <property name="java.vendor.url" value="https://java.oracle.com/"/>
    <property name="user.timezone" value="Europe/Paris"/>
    <property name="org.jboss.logging.provider" value="slf4j"/>
    <property name="os.name" value="Windows 11"/>
    <property name="java.vm.specification.version" value="17"/>
    <property name="sun.java.launcher" value="SUN_STANDARD"/>
    <property name="user.country" value="FR"/>
    <property name="sun.boot.library.path" value="C:\Program Files\Java\jdk-17\bin"/>
    <property name="sun.java.command" value="C:\Users\ORIGINAL\AppData\Local\Temp\surefire13253190733676301078\surefirebooter-20240116213052054_3.jar C:\Users\ORIGINAL\AppData\Local\Temp\surefire13253190733676301078 2024-01-16T21-30-51_872-jvmRun1 surefire-20240116213052054_1tmp surefire_0-20240116213052054_2tmp"/>
    <property name="jdk.debug" value="release"/>
    <property name="surefire.test.class.path" value="C:\Users\ORIGINAL\Downloads\Microservices_Tmp_Taxe\Microservices_Tmp_Taxe\Client_Tmp\target\test-classes;C:\Users\ORIGINAL\Downloads\Microservices_Tmp_Taxe\Microservices_Tmp_Taxe\Client_Tmp\target\classes;C:\Users\ORIGINAL\.m2\repository\org\springframework\boot\spring-boot-starter-data-jpa\3.2.1\spring-boot-starter-data-jpa-3.2.1.jar;C:\Users\ORIGINAL\.m2\repository\org\springframework\boot\spring-boot-starter-aop\3.2.1\spring-boot-starter-aop-3.2.1.jar;C:\Users\ORIGINAL\.m2\repository\org\springframework\spring-aop\6.1.2\spring-aop-6.1.2.jar;C:\Users\ORIGINAL\.m2\repository\org\aspectj\aspectjweaver\1.9.21\aspectjweaver-1.9.21.jar;C:\Users\ORIGINAL\.m2\repository\org\springframework\boot\spring-boot-starter-jdbc\3.2.1\spring-boot-starter-jdbc-3.2.1.jar;C:\Users\ORIGINAL\.m2\repository\com\zaxxer\HikariCP\5.0.1\HikariCP-5.0.1.jar;C:\Users\ORIGINAL\.m2\repository\org\springframework\spring-jdbc\6.1.2\spring-jdbc-6.1.2.jar;C:\Users\ORIGINAL\.m2\repository\org\hibernate\orm\hibernate-core\6.4.1.Final\hibernate-core-6.4.1.Final.jar;C:\Users\ORIGINAL\.m2\repository\jakarta\persistence\jakarta.persistence-api\3.1.0\jakarta.persistence-api-3.1.0.jar;C:\Users\ORIGINAL\.m2\repository\jakarta\transaction\jakarta.transaction-api\2.0.1\jakarta.transaction-api-2.0.1.jar;C:\Users\ORIGINAL\.m2\repository\org\jboss\logging\jboss-logging\3.5.3.Final\jboss-logging-3.5.3.Final.jar;C:\Users\ORIGINAL\.m2\repository\org\hibernate\common\hibernate-commons-annotations\6.0.6.Final\hibernate-commons-annotations-6.0.6.Final.jar;C:\Users\ORIGINAL\.m2\repository\io\smallrye\jandex\3.1.2\jandex-3.1.2.jar;C:\Users\ORIGINAL\.m2\repository\com\fasterxml\classmate\1.6.0\classmate-1.6.0.jar;C:\Users\ORIGINAL\.m2\repository\net\bytebuddy\byte-buddy\1.14.10\byte-buddy-1.14.10.jar;C:\Users\ORIGINAL\.m2\repository\org\glassfish\jaxb\jaxb-runtime\4.0.4\jaxb-runtime-4.0.4.jar;C:\Users\ORIGINAL\.m2\repository\org\glassfish\jaxb\jaxb-core\4.0.4\jaxb-core-4.0.4.jar;C:\Users\ORIGINAL\.m2\repository\org\glassfish\jaxb\txw2\4.0.4\txw2-4.0.4.jar;C:\Users\ORIGINAL\.m2\repository\com\sun\istack\istack-commons-runtime\4.1.2\istack-commons-runtime-4.1.2.jar;C:\Users\ORIGINAL\.m2\repository\jakarta\inject\jakarta.inject-api\2.0.1\jakarta.inject-api-2.0.1.jar;C:\Users\ORIGINAL\.m2\repository\org\antlr\antlr4-runtime\4.13.0\antlr4-runtime-4.13.0.jar;C:\Users\ORIGINAL\.m2\repository\org\springframework\data\spring-data-jpa\3.2.1\spring-data-jpa-3.2.1.jar;C:\Users\ORIGINAL\.m2\repository\org\springframework\data\spring-data-commons\3.2.1\spring-data-commons-3.2.1.jar;C:\Users\ORIGINAL\.m2\repository\org\springframework\spring-orm\6.1.2\spring-orm-6.1.2.jar;C:\Users\ORIGINAL\.m2\repository\org\springframework\spring-tx\6.1.2\spring-tx-6.1.2.jar;C:\Users\ORIGINAL\.m2\repository\org\slf4j\slf4j-api\2.0.9\slf4j-api-2.0.9.jar;C:\Users\ORIGINAL\.m2\repository\org\springframework\spring-aspects\6.1.2\spring-aspects-6.1.2.jar;C:\Users\ORIGINAL\.m2\repository\org\springframework\boot\spring-boot-starter-graphql\3.2.1\spring-boot-starter-graphql-3.2.1.jar;C:\Users\ORIGINAL\.m2\repository\org\springframework\boot\spring-boot-starter\3.2.1\spring-boot-starter-3.2.1.jar;C:\Users\ORIGINAL\.m2\repository\org\springframework\boot\spring-boot\3.2.1\spring-boot-3.2.1.jar;C:\Users\ORIGINAL\.m2\repository\org\springframework\boot\spring-boot-autoconfigure\3.2.1\spring-boot-autoconfigure-3.2.1.jar;C:\Users\ORIGINAL\.m2\repository\org\springframework\boot\spring-boot-starter-logging\3.2.1\spring-boot-starter-logging-3.2.1.jar;C:\Users\ORIGINAL\.m2\repository\ch\qos\logback\logback-classic\1.4.14\logback-classic-1.4.14.jar;C:\Users\ORIGINAL\.m2\repository\ch\qos\logback\logback-core\1.4.14\logback-core-1.4.14.jar;C:\Users\ORIGINAL\.m2\repository\org\apache\logging\log4j\log4j-to-slf4j\2.21.1\log4j-to-slf4j-2.21.1.jar;C:\Users\ORIGINAL\.m2\repository\org\apache\logging\log4j\log4j-api\2.21.1\log4j-api-2.21.1.jar;C:\Users\ORIGINAL\.m2\repository\org\slf4j\jul-to-slf4j\2.0.9\jul-to-slf4j-2.0.9.jar;C:\Users\ORIGINAL\.m2\repository\org\yaml\snakeyaml\2.2\snakeyaml-2.2.jar;C:\Users\ORIGINAL\.m2\repository\org\springframework\boot\spring-boot-starter-json\3.2.1\spring-boot-starter-json-3.2.1.jar;C:\Users\ORIGINAL\.m2\repository\com\fasterxml\jackson\core\jackson-databind\2.15.3\jackson-databind-2.15.3.jar;C:\Users\ORIGINAL\.m2\repository\com\fasterxml\jackson\datatype\jackson-datatype-jdk8\2.15.3\jackson-datatype-jdk8-2.15.3.jar;C:\Users\ORIGINAL\.m2\repository\com\fasterxml\jackson\datatype\jackson-datatype-jsr310\2.15.3\jackson-datatype-jsr310-2.15.3.jar;C:\Users\ORIGINAL\.m2\repository\com\fasterxml\jackson\module\jackson-module-parameter-names\2.15.3\jackson-module-parameter-names-2.15.3.jar;C:\Users\ORIGINAL\.m2\repository\org\springframework\graphql\spring-graphql\1.2.4\spring-graphql-1.2.4.jar;C:\Users\ORIGINAL\.m2\repository\io\micrometer\context-propagation\1.0.6\context-propagation-1.0.6.jar;C:\Users\ORIGINAL\.m2\repository\org\springframework\boot\spring-boot-starter-web\3.2.1\spring-boot-starter-web-3.2.1.jar;C:\Users\ORIGINAL\.m2\repository\org\springframework\boot\spring-boot-starter-tomcat\3.2.1\spring-boot-starter-tomcat-3.2.1.jar;C:\Users\ORIGINAL\.m2\repository\org\apache\tomcat\embed\tomcat-embed-core\10.1.17\tomcat-embed-core-10.1.17.jar;C:\Users\ORIGINAL\.m2\repository\org\apache\tomcat\embed\tomcat-embed-el\10.1.17\tomcat-embed-el-10.1.17.jar;C:\Users\ORIGINAL\.m2\repository\org\apache\tomcat\embed\tomcat-embed-websocket\10.1.17\tomcat-embed-websocket-10.1.17.jar;C:\Users\ORIGINAL\.m2\repository\org\springframework\spring-web\6.1.2\spring-web-6.1.2.jar;C:\Users\ORIGINAL\.m2\repository\io\micrometer\micrometer-observation\1.12.1\micrometer-observation-1.12.1.jar;C:\Users\ORIGINAL\.m2\repository\io\micrometer\micrometer-commons\1.12.1\micrometer-commons-1.12.1.jar;C:\Users\ORIGINAL\.m2\repository\org\springframework\spring-webmvc\6.1.2\spring-webmvc-6.1.2.jar;C:\Users\ORIGINAL\.m2\repository\org\springframework\spring-expression\6.1.2\spring-expression-6.1.2.jar;C:\Users\ORIGINAL\.m2\repository\com\h2database\h2\2.2.224\h2-2.2.224.jar;C:\Users\ORIGINAL\.m2\repository\org\projectlombok\lombok\1.18.30\lombok-1.18.30.jar;C:\Users\ORIGINAL\.m2\repository\org\springframework\boot\spring-boot-starter-test\3.2.1\spring-boot-starter-test-3.2.1.jar;C:\Users\ORIGINAL\.m2\repository\org\springframework\boot\spring-boot-test\3.2.1\spring-boot-test-3.2.1.jar;C:\Users\ORIGINAL\.m2\repository\org\springframework\boot\spring-boot-test-autoconfigure\3.2.1\spring-boot-test-autoconfigure-3.2.1.jar;C:\Users\ORIGINAL\.m2\repository\com\jayway\jsonpath\json-path\2.8.0\json-path-2.8.0.jar;C:\Users\ORIGINAL\.m2\repository\jakarta\xml\bind\jakarta.xml.bind-api\4.0.1\jakarta.xml.bind-api-4.0.1.jar;C:\Users\ORIGINAL\.m2\repository\net\minidev\json-smart\2.5.0\json-smart-2.5.0.jar;C:\Users\ORIGINAL\.m2\repository\net\minidev\accessors-smart\2.5.0\accessors-smart-2.5.0.jar;C:\Users\ORIGINAL\.m2\repository\org\assertj\assertj-core\3.24.2\assertj-core-3.24.2.jar;C:\Users\ORIGINAL\.m2\repository\org\awaitility\awaitility\4.2.0\awaitility-4.2.0.jar;C:\Users\ORIGINAL\.m2\repository\org\hamcrest\hamcrest\2.2\hamcrest-2.2.jar;C:\Users\ORIGINAL\.m2\repository\org\junit\jupiter\junit-jupiter\5.10.1\junit-jupiter-5.10.1.jar;C:\Users\ORIGINAL\.m2\repository\org\junit\jupiter\junit-jupiter-api\5.10.1\junit-jupiter-api-5.10.1.jar;C:\Users\ORIGINAL\.m2\repository\org\opentest4j\opentest4j\1.3.0\opentest4j-1.3.0.jar;C:\Users\ORIGINAL\.m2\repository\org\junit\platform\junit-platform-commons\1.10.1\junit-platform-commons-1.10.1.jar;C:\Users\ORIGINAL\.m2\repository\org\apiguardian\apiguardian-api\1.1.2\apiguardian-api-1.1.2.jar;C:\Users\ORIGINAL\.m2\repository\org\junit\jupiter\junit-jupiter-params\5.10.1\junit-jupiter-params-5.10.1.jar;C:\Users\ORIGINAL\.m2\repository\org\junit\jupiter\junit-jupiter-engine\5.10.1\junit-jupiter-engine-5.10.1.jar;C:\Users\ORIGINAL\.m2\repository\org\junit\platform\junit-platform-engine\1.10.1\junit-platform-engine-1.10.1.jar;C:\Users\ORIGINAL\.m2\repository\org\mockito\mockito-core\5.7.0\mockito-core-5.7.0.jar;C:\Users\ORIGINAL\.m2\repository\net\bytebuddy\byte-buddy-agent\1.14.10\byte-buddy-agent-1.14.10.jar;C:\Users\ORIGINAL\.m2\repository\org\objenesis\objenesis\3.3\objenesis-3.3.jar;C:\Users\ORIGINAL\.m2\repository\org\mockito\mockito-junit-jupiter\5.7.0\mockito-junit-jupiter-5.7.0.jar;C:\Users\ORIGINAL\.m2\repository\org\skyscreamer\jsonassert\1.5.1\jsonassert-1.5.1.jar;C:\Users\ORIGINAL\.m2\repository\com\vaadin\external\google\android-json\0.0.20131108.vaadin1\android-json-0.0.20131108.vaadin1.jar;C:\Users\ORIGINAL\.m2\repository\org\springframework\spring-core\6.1.2\spring-core-6.1.2.jar;C:\Users\ORIGINAL\.m2\repository\org\springframework\spring-jcl\6.1.2\spring-jcl-6.1.2.jar;C:\Users\ORIGINAL\.m2\repository\org\springframework\spring-test\6.1.2\spring-test-6.1.2.jar;C:\Users\ORIGINAL\.m2\repository\org\xmlunit\xmlunit-core\2.9.1\xmlunit-core-2.9.1.jar;C:\Users\ORIGINAL\.m2\repository\org\springframework\spring-webflux\6.1.2\spring-webflux-6.1.2.jar;C:\Users\ORIGINAL\.m2\repository\org\springframework\spring-beans\6.1.2\spring-beans-6.1.2.jar;C:\Users\ORIGINAL\.m2\repository\io\projectreactor\reactor-core\3.6.1\reactor-core-3.6.1.jar;C:\Users\ORIGINAL\.m2\repository\org\reactivestreams\reactive-streams\1.0.4\reactive-streams-1.0.4.jar;C:\Users\ORIGINAL\.m2\repository\org\springframework\graphql\spring-graphql-test\1.2.4\spring-graphql-test-1.2.4.jar;C:\Users\ORIGINAL\.m2\repository\com\graphql-java\graphql-java\21.3\graphql-java-21.3.jar;C:\Users\ORIGINAL\.m2\repository\com\graphql-java\java-dataloader\3.2.1\java-dataloader-3.2.1.jar;C:\Users\ORIGINAL\.m2\repository\org\springframework\spring-context\6.1.2\spring-context-6.1.2.jar;C:\Users\ORIGINAL\.m2\repository\org\modelmapper\modelmapper\2.4.4\modelmapper-2.4.4.jar;C:\Users\ORIGINAL\.m2\repository\org\springframework\cloud\spring-cloud-starter-openfeign\4.0.4\spring-cloud-starter-openfeign-4.0.4.jar;C:\Users\ORIGINAL\.m2\repository\org\springframework\cloud\spring-cloud-starter\4.0.4\spring-cloud-starter-4.0.4.jar;C:\Users\ORIGINAL\.m2\repository\org\springframework\cloud\spring-cloud-context\4.0.4\spring-cloud-context-4.0.4.jar;C:\Users\ORIGINAL\.m2\repository\org\springframework\security\spring-security-rsa\1.0.12.RELEASE\spring-security-rsa-1.0.12.RELEASE.jar;C:\Users\ORIGINAL\.m2\repository\org\bouncycastle\bcpkix-jdk18on\1.73\bcpkix-jdk18on-1.73.jar;C:\Users\ORIGINAL\.m2\repository\org\bouncycastle\bcprov-jdk18on\1.73\bcprov-jdk18on-1.73.jar;C:\Users\ORIGINAL\.m2\repository\org\bouncycastle\bcutil-jdk18on\1.73\bcutil-jdk18on-1.73.jar;C:\Users\ORIGINAL\.m2\repository\org\springframework\cloud\spring-cloud-openfeign-core\4.0.4\spring-cloud-openfeign-core-4.0.4.jar;C:\Users\ORIGINAL\.m2\repository\io\github\openfeign\form\feign-form-spring\3.8.0\feign-form-spring-3.8.0.jar;C:\Users\ORIGINAL\.m2\repository\io\github\openfeign\form\feign-form\3.8.0\feign-form-3.8.0.jar;C:\Users\ORIGINAL\.m2\repository\commons-fileupload\commons-fileupload\1.5\commons-fileupload-1.5.jar;C:\Users\ORIGINAL\.m2\repository\commons-io\commons-io\2.11.0\commons-io-2.11.0.jar;C:\Users\ORIGINAL\.m2\repository\org\springframework\cloud\spring-cloud-commons\4.0.4\spring-cloud-commons-4.0.4.jar;C:\Users\ORIGINAL\.m2\repository\org\springframework\security\spring-security-crypto\6.2.1\spring-security-crypto-6.2.1.jar;C:\Users\ORIGINAL\.m2\repository\io\github\openfeign\feign-core\12.4\feign-core-12.4.jar;C:\Users\ORIGINAL\.m2\repository\io\github\openfeign\feign-slf4j\12.4\feign-slf4j-12.4.jar;C:\Users\ORIGINAL\.m2\repository\org\springdoc\springdoc-openapi-starter-webmvc-ui\2.2.0\springdoc-openapi-starter-webmvc-ui-2.2.0.jar;C:\Users\ORIGINAL\.m2\repository\org\springdoc\springdoc-openapi-starter-webmvc-api\2.2.0\springdoc-openapi-starter-webmvc-api-2.2.0.jar;C:\Users\ORIGINAL\.m2\repository\org\springdoc\springdoc-openapi-starter-common\2.2.0\springdoc-openapi-starter-common-2.2.0.jar;C:\Users\ORIGINAL\.m2\repository\io\swagger\core\v3\swagger-core-jakarta\2.2.15\swagger-core-jakarta-2.2.15.jar;C:\Users\ORIGINAL\.m2\repository\org\apache\commons\commons-lang3\3.13.0\commons-lang3-3.13.0.jar;C:\Users\ORIGINAL\.m2\repository\io\swagger\core\v3\swagger-annotations-jakarta\2.2.15\swagger-annotations-jakarta-2.2.15.jar;C:\Users\ORIGINAL\.m2\repository\io\swagger\core\v3\swagger-models-jakarta\2.2.15\swagger-models-jakarta-2.2.15.jar;C:\Users\ORIGINAL\.m2\repository\com\fasterxml\jackson\dataformat\jackson-dataformat-yaml\2.15.3\jackson-dataformat-yaml-2.15.3.jar;C:\Users\ORIGINAL\.m2\repository\org\webjars\swagger-ui\5.2.0\swagger-ui-5.2.0.jar;C:\Users\ORIGINAL\.m2\repository\org\apache\cxf\cxf-spring-boot-starter-jaxws\4.0.2\cxf-spring-boot-starter-jaxws-4.0.2.jar;C:\Users\ORIGINAL\.m2\repository\org\apache\cxf\cxf-spring-boot-autoconfigure\4.0.2\cxf-spring-boot-autoconfigure-4.0.2.jar;C:\Users\ORIGINAL\.m2\repository\org\apache\cxf\cxf-rt-transports-http\4.0.2\cxf-rt-transports-http-4.0.2.jar;C:\Users\ORIGINAL\.m2\repository\org\apache\cxf\cxf-core\4.0.2\cxf-core-4.0.2.jar;C:\Users\ORIGINAL\.m2\repository\org\apache\ws\xmlschema\xmlschema-core\2.3.0\xmlschema-core-2.3.0.jar;C:\Users\ORIGINAL\.m2\repository\org\apache\cxf\cxf-rt-frontend-jaxws\4.0.2\cxf-rt-frontend-jaxws-4.0.2.jar;C:\Users\ORIGINAL\.m2\repository\xml-resolver\xml-resolver\1.2\xml-resolver-1.2.jar;C:\Users\ORIGINAL\.m2\repository\org\ow2\asm\asm\9.5\asm-9.5.jar;C:\Users\ORIGINAL\.m2\repository\org\apache\cxf\cxf-rt-bindings-soap\4.0.2\cxf-rt-bindings-soap-4.0.2.jar;C:\Users\ORIGINAL\.m2\repository\jakarta\jws\jakarta.jws-api\3.0.0\jakarta.jws-api-3.0.0.jar;C:\Users\ORIGINAL\.m2\repository\org\apache\cxf\cxf-rt-wsdl\4.0.2\cxf-rt-wsdl-4.0.2.jar;C:\Users\ORIGINAL\.m2\repository\wsdl4j\wsdl4j\1.6.3\wsdl4j-1.6.3.jar;C:\Users\ORIGINAL\.m2\repository\org\apache\cxf\cxf-rt-databinding-jaxb\4.0.2\cxf-rt-databinding-jaxb-4.0.2.jar;C:\Users\ORIGINAL\.m2\repository\org\apache\cxf\cxf-rt-bindings-xml\4.0.2\cxf-rt-bindings-xml-4.0.2.jar;C:\Users\ORIGINAL\.m2\repository\org\apache\cxf\cxf-rt-frontend-simple\4.0.2\cxf-rt-frontend-simple-4.0.2.jar;C:\Users\ORIGINAL\.m2\repository\org\apache\cxf\cxf-rt-ws-addr\4.0.2\cxf-rt-ws-addr-4.0.2.jar;C:\Users\ORIGINAL\.m2\repository\org\apache\cxf\cxf-rt-ws-policy\4.0.2\cxf-rt-ws-policy-4.0.2.jar;C:\Users\ORIGINAL\.m2\repository\org\apache\neethi\neethi\3.2.0\neethi-3.2.0.jar;C:\Users\ORIGINAL\.m2\repository\org\eclipse\angus\angus-activation\2.0.1\angus-activation-2.0.1.jar;C:\Users\ORIGINAL\.m2\repository\org\apache\cxf\cxf-rt-features-metrics\4.0.2\cxf-rt-features-metrics-4.0.2.jar;C:\Users\ORIGINAL\.m2\repository\jakarta\validation\jakarta.validation-api\3.0.2\jakarta.validation-api-3.0.2.jar;C:\Users\ORIGINAL\.m2\repository\org\springframework\boot\spring-boot-starter-validation\3.2.1\spring-boot-starter-validation-3.2.1.jar;C:\Users\ORIGINAL\.m2\repository\org\hibernate\validator\hibernate-validator\8.0.1.Final\hibernate-validator-8.0.1.Final.jar;C:\Users\ORIGINAL\.m2\repository\com\sun\xml\ws\jaxws-rt\4.0.1\jaxws-rt-4.0.1.jar;C:\Users\ORIGINAL\.m2\repository\com\sun\xml\bind\jaxb-impl\4.0.4\jaxb-impl-4.0.4.jar;C:\Users\ORIGINAL\.m2\repository\com\sun\xml\bind\jaxb-core\4.0.4\jaxb-core-4.0.4.jar;C:\Users\ORIGINAL\.m2\repository\org\glassfish\ha\ha-api\3.1.13\ha-api-3.1.13.jar;C:\Users\ORIGINAL\.m2\repository\org\glassfish\external\management-api\3.2.3\management-api-3.2.3.jar;C:\Users\ORIGINAL\.m2\repository\org\glassfish\gmbal\gmbal-api-only\4.0.3\gmbal-api-only-4.0.3.jar;C:\Users\ORIGINAL\.m2\repository\org\jvnet\staxex\stax-ex\2.1.0\stax-ex-2.1.0.jar;C:\Users\ORIGINAL\.m2\repository\com\sun\xml\stream\buffer\streambuffer\2.1.0\streambuffer-2.1.0.jar;C:\Users\ORIGINAL\.m2\repository\org\jvnet\mimepull\mimepull\1.10.0\mimepull-1.10.0.jar;C:\Users\ORIGINAL\.m2\repository\com\sun\xml\fastinfoset\FastInfoset\2.1.0\FastInfoset-2.1.0.jar;C:\Users\ORIGINAL\.m2\repository\jakarta\mail\jakarta.mail-api\2.1.2\jakarta.mail-api-2.1.2.jar;C:\Users\ORIGINAL\.m2\repository\org\eclipse\angus\angus-mail\2.0.2\angus-mail-2.0.2.jar;C:\Users\ORIGINAL\.m2\repository\com\sun\xml\messaging\saaj\saaj-impl\3.0.3\saaj-impl-3.0.3.jar;C:\Users\ORIGINAL\.m2\repository\com\fasterxml\woodstox\woodstox-core\6.5.0\woodstox-core-6.5.0.jar;C:\Users\ORIGINAL\.m2\repository\org\codehaus\woodstox\stax2-api\4.2.1\stax2-api-4.2.1.jar;C:\Users\ORIGINAL\.m2\repository\com\sun\xml\ws\jaxws-tools\4.0.1\jaxws-tools-4.0.1.jar;C:\Users\ORIGINAL\.m2\repository\com\sun\xml\bind\jaxb-xjc\4.0.4\jaxb-xjc-4.0.4.jar;C:\Users\ORIGINAL\.m2\repository\com\sun\xml\bind\jaxb-jxc\4.0.4\jaxb-jxc-4.0.4.jar;C:\Users\ORIGINAL\.m2\repository\com\sun\xml\ws\jaxws-eclipselink-plugin\4.0.1\jaxws-eclipselink-plugin-4.0.1.jar;C:\Users\ORIGINAL\.m2\repository\org\eclipse\persistence\org.eclipse.persistence.moxy\4.0.0\org.eclipse.persistence.moxy-4.0.0.jar;C:\Users\ORIGINAL\.m2\repository\org\eclipse\persistence\org.eclipse.persistence.asm\9.4.0\org.eclipse.persistence.asm-9.4.0.jar;C:\Users\ORIGINAL\.m2\repository\org\eclipse\persistence\org.eclipse.persistence.core\4.0.0\org.eclipse.persistence.core-4.0.0.jar;C:\Users\ORIGINAL\.m2\repository\com\sun\xml\ws\sdo-eclipselink-plugin\4.0.1\sdo-eclipselink-plugin-4.0.1.jar;C:\Users\ORIGINAL\.m2\repository\org\eclipse\persistence\org.eclipse.persistence.sdo\4.0.0\org.eclipse.persistence.sdo-4.0.0.jar;C:\Users\ORIGINAL\.m2\repository\jakarta\activation\jakarta.activation-api\2.1.2\jakarta.activation-api-2.1.2.jar;C:\Users\ORIGINAL\.m2\repository\jakarta\xml\ws\jakarta.xml.ws-api\4.0.1\jakarta.xml.ws-api-4.0.1.jar;C:\Users\ORIGINAL\.m2\repository\jakarta\xml\soap\jakarta.xml.soap-api\3.0.1\jakarta.xml.soap-api-3.0.1.jar;C:\Users\ORIGINAL\.m2\repository\com\google\protobuf\protobuf-java\3.24.3\protobuf-java-3.24.3.jar;C:\Users\ORIGINAL\.m2\repository\jakarta\annotation\jakarta.annotation-api\2.1.1\jakarta.annotation-api-2.1.1.jar;C:\Users\ORIGINAL\.m2\repository\javax\annotation\javax.annotation-api\1.3.2\javax.annotation-api-1.3.2.jar;C:\Users\ORIGINAL\.m2\repository\net\devh\grpc-spring-boot-starter\2.14.0.RELEASE\grpc-spring-boot-starter-2.14.0.RELEASE.jar;C:\Users\ORIGINAL\.m2\repository\net\devh\grpc-server-spring-boot-starter\2.14.0.RELEASE\grpc-server-spring-boot-starter-2.14.0.RELEASE.jar;C:\Users\ORIGINAL\.m2\repository\net\devh\grpc-server-spring-boot-autoconfigure\2.14.0.RELEASE\grpc-server-spring-boot-autoconfigure-2.14.0.RELEASE.jar;C:\Users\ORIGINAL\.m2\repository\net\devh\grpc-common-spring-boot\2.14.0.RELEASE\grpc-common-spring-boot-2.14.0.RELEASE.jar;C:\Users\ORIGINAL\.m2\repository\io\grpc\grpc-core\1.51.0\grpc-core-1.51.0.jar;C:\Users\ORIGINAL\.m2\repository\com\google\android\annotations\4.1.1.4\annotations-4.1.1.4.jar;C:\Users\ORIGINAL\.m2\repository\org\codehaus\mojo\animal-sniffer-annotations\1.21\animal-sniffer-annotations-1.21.jar;C:\Users\ORIGINAL\.m2\repository\io\grpc\grpc-netty-shaded\1.51.0\grpc-netty-shaded-1.51.0.jar;C:\Users\ORIGINAL\.m2\repository\com\google\errorprone\error_prone_annotations\2.14.0\error_prone_annotations-2.14.0.jar;C:\Users\ORIGINAL\.m2\repository\io\perfmark\perfmark-api\0.25.0\perfmark-api-0.25.0.jar;C:\Users\ORIGINAL\.m2\repository\io\grpc\grpc-protobuf\1.51.0\grpc-protobuf-1.51.0.jar;C:\Users\ORIGINAL\.m2\repository\com\google\api\grpc\proto-google-common-protos\2.9.0\proto-google-common-protos-2.9.0.jar;C:\Users\ORIGINAL\.m2\repository\io\grpc\grpc-protobuf-lite\1.51.0\grpc-protobuf-lite-1.51.0.jar;C:\Users\ORIGINAL\.m2\repository\io\grpc\grpc-stub\1.51.0\grpc-stub-1.51.0.jar;C:\Users\ORIGINAL\.m2\repository\io\grpc\grpc-services\1.51.0\grpc-services-1.51.0.jar;C:\Users\ORIGINAL\.m2\repository\com\google\protobuf\protobuf-java-util\3.21.7\protobuf-java-util-3.21.7.jar;C:\Users\ORIGINAL\.m2\repository\com\google\j2objc\j2objc-annotations\1.3\j2objc-annotations-1.3.jar;C:\Users\ORIGINAL\.m2\repository\io\grpc\grpc-api\1.51.0\grpc-api-1.51.0.jar;C:\Users\ORIGINAL\.m2\repository\io\grpc\grpc-context\1.51.0\grpc-context-1.51.0.jar;C:\Users\ORIGINAL\.m2\repository\net\devh\grpc-client-spring-boot-starter\2.14.0.RELEASE\grpc-client-spring-boot-starter-2.14.0.RELEASE.jar;C:\Users\ORIGINAL\.m2\repository\net\devh\grpc-client-spring-boot-autoconfigure\2.14.0.RELEASE\grpc-client-spring-boot-autoconfigure-2.14.0.RELEASE.jar;C:\Users\ORIGINAL\.m2\repository\com\mysql\mysql-connector-j\8.1.0\mysql-connector-j-8.1.0.jar;C:\Users\ORIGINAL\.m2\repository\org\springframework\cloud\spring-cloud-starter-loadbalancer\4.0.4\spring-cloud-starter-loadbalancer-4.0.4.jar;C:\Users\ORIGINAL\.m2\repository\org\springframework\cloud\spring-cloud-loadbalancer\4.0.4\spring-cloud-loadbalancer-4.0.4.jar;C:\Users\ORIGINAL\.m2\repository\io\projectreactor\addons\reactor-extra\3.5.1\reactor-extra-3.5.1.jar;C:\Users\ORIGINAL\.m2\repository\org\springframework\boot\spring-boot-starter-cache\3.2.1\spring-boot-starter-cache-3.2.1.jar;C:\Users\ORIGINAL\.m2\repository\org\springframework\spring-context-support\6.1.2\spring-context-support-6.1.2.jar;C:\Users\ORIGINAL\.m2\repository\com\stoyanr\evictor\1.0.0\evictor-1.0.0.jar;C:\Users\ORIGINAL\.m2\repository\org\springframework\cloud\spring-cloud-starter-netflix-eureka-client\4.0.0\spring-cloud-starter-netflix-eureka-client-4.0.0.jar;C:\Users\ORIGINAL\.m2\repository\org\springframework\cloud\spring-cloud-netflix-eureka-client\4.0.0\spring-cloud-netflix-eureka-client-4.0.0.jar;C:\Users\ORIGINAL\.m2\repository\org\apache\httpcomponents\client5\httpclient5\5.2.3\httpclient5-5.2.3.jar;C:\Users\ORIGINAL\.m2\repository\org\apache\httpcomponents\core5\httpcore5\5.2.4\httpcore5-5.2.4.jar;C:\Users\ORIGINAL\.m2\repository\org\apache\httpcomponents\core5\httpcore5-h2\5.2.4\httpcore5-h2-5.2.4.jar;C:\Users\ORIGINAL\.m2\repository\com\netflix\eureka\eureka-client\2.0.0\eureka-client-2.0.0.jar;C:\Users\ORIGINAL\.m2\repository\com\netflix\netflix-commons\netflix-eventbus\0.3.0\netflix-eventbus-0.3.0.jar;C:\Users\ORIGINAL\.m2\repository\com\netflix\netflix-commons\netflix-infix\0.3.0\netflix-infix-0.3.0.jar;C:\Users\ORIGINAL\.m2\repository\commons-jxpath\commons-jxpath\1.3\commons-jxpath-1.3.jar;C:\Users\ORIGINAL\.m2\repository\joda-time\joda-time\2.3\joda-time-2.3.jar;C:\Users\ORIGINAL\.m2\repository\javax\servlet\servlet-api\2.5\servlet-api-2.5.jar;C:\Users\ORIGINAL\.m2\repository\org\antlr\antlr-runtime\3.4\antlr-runtime-3.4.jar;C:\Users\ORIGINAL\.m2\repository\org\antlr\stringtemplate\3.2.1\stringtemplate-3.2.1.jar;C:\Users\ORIGINAL\.m2\repository\antlr\antlr\2.7.7\antlr-2.7.7.jar;C:\Users\ORIGINAL\.m2\repository\com\google\code\gson\gson\2.10.1\gson-2.10.1.jar;C:\Users\ORIGINAL\.m2\repository\org\apache\commons\commons-math\2.2\commons-math-2.2.jar;C:\Users\ORIGINAL\.m2\repository\com\thoughtworks\xstream\xstream\1.4.19\xstream-1.4.19.jar;C:\Users\ORIGINAL\.m2\repository\io\github\x-stream\mxparser\1.2.2\mxparser-1.2.2.jar;C:\Users\ORIGINAL\.m2\repository\xmlpull\xmlpull\1.1.3.1\xmlpull-1.1.3.1.jar;C:\Users\ORIGINAL\.m2\repository\com\netflix\archaius\archaius-core\0.7.6\archaius-core-0.7.6.jar;C:\Users\ORIGINAL\.m2\repository\com\google\guava\guava\16.0\guava-16.0.jar;C:\Users\ORIGINAL\.m2\repository\jakarta\ws\rs\jakarta.ws.rs-api\3.1.0\jakarta.ws.rs-api-3.1.0.jar;C:\Users\ORIGINAL\.m2\repository\com\netflix\servo\servo-core\0.12.21\servo-core-0.12.21.jar;C:\Users\ORIGINAL\.m2\repository\org\apache\httpcomponents\httpclient\4.5.3\httpclient-4.5.3.jar;C:\Users\ORIGINAL\.m2\repository\org\apache\httpcomponents\httpcore\4.4.16\httpcore-4.4.16.jar;C:\Users\ORIGINAL\.m2\repository\commons-logging\commons-logging\1.2\commons-logging-1.2.jar;C:\Users\ORIGINAL\.m2\repository\commons-codec\commons-codec\1.16.0\commons-codec-1.16.0.jar;C:\Users\ORIGINAL\.m2\repository\com\google\code\findbugs\jsr305\3.0.2\jsr305-3.0.2.jar;C:\Users\ORIGINAL\.m2\repository\commons-configuration\commons-configuration\1.10\commons-configuration-1.10.jar;C:\Users\ORIGINAL\.m2\repository\commons-lang\commons-lang\2.6\commons-lang-2.6.jar;C:\Users\ORIGINAL\.m2\repository\com\github\vlsi\compactmap\compactmap\2.0\compactmap-2.0.jar;C:\Users\ORIGINAL\.m2\repository\com\github\andrewoma\dexx\dexx-collections\0.2\dexx-collections-0.2.jar;C:\Users\ORIGINAL\.m2\repository\com\fasterxml\jackson\core\jackson-annotations\2.15.3\jackson-annotations-2.15.3.jar;C:\Users\ORIGINAL\.m2\repository\com\fasterxml\jackson\core\jackson-core\2.15.3\jackson-core-2.15.3.jar;C:\Users\ORIGINAL\.m2\repository\org\codehaus\jettison\jettison\1.4.0\jettison-1.4.0.jar;C:\Users\ORIGINAL\.m2\repository\com\netflix\eureka\eureka-core\2.0.0\eureka-core-2.0.0.jar;C:\Users\ORIGINAL\.m2\repository\jakarta\servlet\jakarta.servlet-api\6.0.0\jakarta.servlet-api-6.0.0.jar;"/>
    <property name="sun.cpu.endian" value="little"/>
    <property name="user.home" value="C:\Users\ORIGINAL"/>
    <property name="user.language" value="fr"/>
    <property name="java.specification.vendor" value="Oracle Corporation"/>
    <property name="java.version.date" value="2023-10-17"/>
    <property name="java.home" value="C:\Program Files\Java\jdk-17"/>
    <property name="file.separator" value="\"/>
    <property name="basedir" value="C:\Users\ORIGINAL\Downloads\Microservices_Tmp_Taxe\Microservices_Tmp_Taxe\Client_Tmp"/>
    <property name="java.vm.compressedOopsMode" value="Zero based"/>
    <property name="line.separator" value="&#10;"/>
    <property name="java.vm.specification.vendor" value="Oracle Corporation"/>
    <property name="java.specification.name" value="Java Platform API Specification"/>
    <property name="FILE_LOG_CHARSET" value="windows-1252"/>
    <property name="java.awt.headless" value="true"/>
    <property name="surefire.real.class.path" value="C:\Users\ORIGINAL\AppData\Local\Temp\surefire13253190733676301078\surefirebooter-20240116213052054_3.jar"/>
    <property name="user.script" value=""/>
    <property name="sun.management.compiler" value="HotSpot 64-Bit Tiered Compilers"/>
    <property name="java.runtime.version" value="17.0.9+11-LTS-201"/>
    <property name="user.name" value="ORIGINAL"/>
    <property name="path.separator" value=";"/>
    <property name="os.version" value="10.0"/>
    <property name="java.runtime.name" value="Java(TM) SE Runtime Environment"/>
    <property name="file.encoding" value="Cp1252"/>
    <property name="java.vm.name" value="Java HotSpot(TM) 64-Bit Server VM"/>
    <property name="localRepository" value="C:\Users\ORIGINAL\.m2\repository"/>
    <property name="java.vendor.url.bug" value="https://bugreport.java.com/bugreport/"/>
    <property name="java.io.tmpdir" value="C:\Users\ORIGINAL\AppData\Local\Temp\"/>
    <property name="com.zaxxer.hikari.pool_number" value="1"/>
    <property name="java.version" value="17.0.9"/>
    <property name="user.dir" value="C:\Users\ORIGINAL\Downloads\Microservices_Tmp_Taxe\Microservices_Tmp_Taxe\Client_Tmp"/>
    <property name="os.arch" value="amd64"/>
    <property name="java.vm.specification.name" value="Java Virtual Machine Specification"/>
    <property name="PID" value="23196"/>
    <property name="sun.os.patch.level" value=""/>
    <property name="CONSOLE_LOG_CHARSET" value="windows-1252"/>
    <property name="native.encoding" value="Cp1252"/>
    <property name="java.library.path" value="C:\Program Files\Java\jdk-17\bin;C:\WINDOWS\Sun\Java\bin;C:\WINDOWS\system32;C:\WINDOWS;C:\Program Files\Common Files\Oracle\Java\javapath;C:\WINDOWS\system32;C:\WINDOWS;C:\WINDOWS\System32\Wbem;C:\WINDOWS\System32\WindowsPowerShell\v1.0\;C:\WINDOWS\System32\OpenSSH\;C:\Program Files\nodejs\;C:\Program Files\Java\jdk-19\bin;C:\Program Files\Java\jdk-17\bin;C:\Program Files\Git\cmd;C:\apache-maven-3.9.0 (1)\apache-maven-3.9.0\bin;C:\Program Files\Docker\Docker\resources\bin;C:\SonarScanner\sonar-scanner-cli-5.0.1.3006-windows\sonar-scanner-5.0.1.3006-windows\bin;C:\Users\ORIGINAL\AppData\Local\Android\Sdk;C:\Program Files\dotnet\;C:\Program Files (x86)\Windows Kits\10\Windows Performance Toolkit\;C:\php-8.3.1;C:\Users\ORIGINAL\AppData\Local\Programs\Python\Python310\Scripts\;C:\Users\ORIGINAL\AppData\Local\Programs\Python\Python310\;C:\Users\ORIGINAL\AppData\Local\Programs\Python\Launcher\;C:\Users\ORIGINAL\AppData\Local\Microsoft\WindowsApps;C:\Users\ORIGINAL\AppData\Local\Programs\Microsoft VS Code\bin;C:\Users\ORIGINAL\AppData\Roaming\npm;C:\Program Files\JetBrains\IntelliJ IDEA Community Edition 2023.2.5\bin;;C:\Users\ORIGINAL\Downloads\flutter_windows_3.16.0-stable\flutter\bin;C:\Users\ORIGINAL\Downloads\dartsdk-windows-x64-release\dart-sdk\bin;C:\Users\ORIGINAL\AppData\Local\Pub\Cache\bin;C:\Program Files\JetBrains\IntelliJ IDEA 2023.3\bin;;C:\Users\ORIGINAL\AppData\Roaming\npm;C:\Users\ORIGINAL\.dotnet\tools;."/>
    <property name="java.vm.info" value="mixed mode, sharing"/>
    <property name="java.vendor" value="Oracle Corporation"/>
    <property name="java.vm.version" value="17.0.9+11-LTS-201"/>
    <property name="sun.io.unicode.encoding" value="UnicodeLittle"/>
    <property name="java.class.version" value="61.0"/>
    <property name="LOGGED_APPLICATION_NAME" value="[taxetnb-client] "/>
  </properties>
  <testcase name="contextLoads" classname="com.client.tmp.ClientTmpApplicationTests" time="1.545">
    <system-out><![CDATA[21:30:54.198 [main] INFO org.springframework.test.context.support.AnnotationConfigContextLoaderUtils -- Could not detect default configuration classes for test class [com.client.tmp.ClientTmpApplicationTests]: ClientTmpApplicationTests does not declare any static, non-private, non-final, nested classes annotated with @Configuration.
21:30:54.427 [main] INFO org.springframework.boot.test.context.SpringBootTestContextBootstrapper -- Found @SpringBootConfiguration com.client.tmp.ClientTmpApplication for test class com.client.tmp.ClientTmpApplicationTests

  .   ____          _            __ _ _
 /\\ / ___'_ __ _ _(_)_ __  __ _ \ \ \ \
( ( )\___ | '_ | '_| | '_ \/ _` | \ \ \ \
 \\/  ___)| |_)| | | | | || (_| |  ) ) ) )
  '  |____| .__|_| |_|_| |_\__, | / / / /
 =========|_|==============|___/=/_/_/_/
 :: Spring Boot ::                (v3.2.1)

2024-01-16T21:30:56.778+01:00  INFO 23196 --- [taxetnb-client] [           main] c.client.tmp.ClientTmpApplicationTests   : Starting ClientTmpApplicationTests using Java 17.0.9 with PID 23196 (started by ORIGINAL in C:\Users\ORIGINAL\Downloads\Microservices_Tmp_Taxe\Microservices_Tmp_Taxe\Client_Tmp)
2024-01-16T21:30:56.785+01:00  INFO 23196 --- [taxetnb-client] [           main] c.client.tmp.ClientTmpApplicationTests   : No active profile set, falling back to 1 default profile: "default"
2024-01-16T21:31:00.180+01:00  INFO 23196 --- [taxetnb-client] [           main] .s.d.r.c.RepositoryConfigurationDelegate : Bootstrapping Spring Data JPA repositories in DEFAULT mode.
2024-01-16T21:31:00.246+01:00  INFO 23196 --- [taxetnb-client] [           main] .s.d.r.c.RepositoryConfigurationDelegate : Finished Spring Data repository scanning in 41 ms. Found 0 JPA repository interfaces.
2024-01-16T21:31:01.410+01:00  INFO 23196 --- [taxetnb-client] [           main] o.s.cloud.context.scope.GenericScope     : BeanFactory id=fc5218bc-6920-3e03-95f7-83ad8d4c12a2
2024-01-16T21:31:02.552+01:00  WARN 23196 --- [taxetnb-client] [           main] trationDelegate$BeanPostProcessorChecker : Bean 'org.springframework.cloud.client.loadbalancer.reactive.LoadBalancerBeanPostProcessorAutoConfiguration' of type [org.springframework.cloud.client.loadbalancer.reactive.LoadBalancerBeanPostProcessorAutoConfiguration] is not eligible for getting processed by all BeanPostProcessors (for example: not eligible for auto-proxying). The currently created BeanPostProcessor [loadBalancerWebClientBuilderBeanPostProcessor] is declared through a non-static factory method on that class; consider declaring it as static instead.
2024-01-16T21:31:02.560+01:00  WARN 23196 --- [taxetnb-client] [           main] trationDelegate$BeanPostProcessorChecker : Bean 'org.springframework.cloud.client.loadbalancer.reactive.LoadBalancerBeanPostProcessorAutoConfiguration$ReactorDeferringLoadBalancerFilterConfig' of type [org.springframework.cloud.client.loadbalancer.reactive.LoadBalancerBeanPostProcessorAutoConfiguration$ReactorDeferringLoadBalancerFilterConfig] is not eligible for getting processed by all BeanPostProcessors (for example: not eligible for auto-proxying). Is this bean getting eagerly injected into a currently created BeanPostProcessor [loadBalancerWebClientBuilderBeanPostProcessor]? Check the corresponding BeanPostProcessor declaration and its dependencies.
2024-01-16T21:31:02.567+01:00  WARN 23196 --- [taxetnb-client] [           main] trationDelegate$BeanPostProcessorChecker : Bean 'reactorDeferringLoadBalancerExchangeFilterFunction' of type [org.springframework.cloud.client.loadbalancer.reactive.DeferringLoadBalancerExchangeFilterFunction] is not eligible for getting processed by all BeanPostProcessors (for example: not eligible for auto-proxying). Is this bean getting eagerly injected into a currently created BeanPostProcessor [loadBalancerWebClientBuilderBeanPostProcessor]? Check the corresponding BeanPostProcessor declaration and its dependencies.
2024-01-16T21:31:03.274+01:00  INFO 23196 --- [taxetnb-client] [           main] com.zaxxer.hikari.HikariDataSource       : HikariPool-1 - Starting...
2024-01-16T21:31:03.961+01:00  INFO 23196 --- [taxetnb-client] [           main] com.zaxxer.hikari.pool.HikariPool        : HikariPool-1 - Added connection conn0: url=jdbc:h2:mem:c3911a59-19bb-4215-b481-13eddf9d1471 user=SA
2024-01-16T21:31:03.969+01:00  INFO 23196 --- [taxetnb-client] [           main] com.zaxxer.hikari.HikariDataSource       : HikariPool-1 - Start completed.
2024-01-16T21:31:04.128+01:00  INFO 23196 --- [taxetnb-client] [           main] o.hibernate.jpa.internal.util.LogHelper  : HHH000204: Processing PersistenceUnitInfo [name: default]
2024-01-16T21:31:04.416+01:00  INFO 23196 --- [taxetnb-client] [           main] org.hibernate.Version                    : HHH000412: Hibernate ORM core version 6.4.1.Final
2024-01-16T21:31:04.554+01:00  INFO 23196 --- [taxetnb-client] [           main] o.h.c.internal.RegionFactoryInitiator    : HHH000026: Second-level cache disabled
2024-01-16T21:31:05.510+01:00  INFO 23196 --- [taxetnb-client] [           main] o.s.o.j.p.SpringPersistenceUnitInfo      : No LoadTimeWeaver setup: ignoring JPA class transformer
2024-01-16T21:31:06.725+01:00  INFO 23196 --- [taxetnb-client] [           main] o.h.e.t.j.p.i.JtaPlatformInitiator       : HHH000489: No JTA platform available (set 'hibernate.transaction.jta.platform' to enable JTA platform integration)
2024-01-16T21:31:06.740+01:00  INFO 23196 --- [taxetnb-client] [           main] j.LocalContainerEntityManagerFactoryBean : Initialized JPA EntityManagerFactory for persistence unit 'default'
2024-01-16T21:31:07.933+01:00  WARN 23196 --- [taxetnb-client] [           main] JpaBaseConfiguration$JpaWebConfiguration : spring.jpa.open-in-view is enabled by default. Therefore, database queries may be performed during view rendering. Explicitly configure spring.jpa.open-in-view to disable this warning
2024-01-16T21:31:10.902+01:00  INFO 23196 --- [taxetnb-client] [           main] o.s.cloud.commons.util.InetUtils         : Cannot determine local hostname
2024-01-16T21:31:10.969+01:00  INFO 23196 --- [taxetnb-client] [           main] DiscoveryClientOptionalArgsConfiguration : Eureka HTTP Client uses RestTemplate.
2024-01-16T21:31:12.463+01:00  INFO 23196 --- [taxetnb-client] [           main] o.s.cloud.commons.util.InetUtils         : Cannot determine local hostname
2024-01-16T21:31:13.832+01:00  INFO 23196 --- [taxetnb-client] [           main] o.s.cloud.commons.util.InetUtils         : Cannot determine local hostname
2024-01-16T21:31:13.911+01:00  WARN 23196 --- [taxetnb-client] [           main] iguration$LoadBalancerCaffeineWarnLogger : Spring Cloud LoadBalancer is currently working with the default cache. While this cache implementation is useful for development and tests, it's recommended to use Caffeine cache in production.You can switch to using Caffeine cache, by adding it and org.springframework.cache.caffeine.CaffeineCacheManager to the classpath.
2024-01-16T21:31:14.006+01:00  INFO 23196 --- [taxetnb-client] [           main] o.s.c.n.eureka.InstanceInfoFactory       : Setting initial instance status as: STARTING
2024-01-16T21:31:14.250+01:00  INFO 23196 --- [taxetnb-client] [           main] com.netflix.discovery.DiscoveryClient    : Initializing Eureka in region us-east-1
2024-01-16T21:31:14.260+01:00  INFO 23196 --- [taxetnb-client] [           main] c.n.d.s.r.aws.ConfigClusterResolver      : Resolving eureka endpoints via configuration
2024-01-16T21:31:14.321+01:00  INFO 23196 --- [taxetnb-client] [           main] com.netflix.discovery.DiscoveryClient    : Disable delta property : false
2024-01-16T21:31:14.322+01:00  INFO 23196 --- [taxetnb-client] [           main] com.netflix.discovery.DiscoveryClient    : Single vip registry refresh property : null
2024-01-16T21:31:14.322+01:00  INFO 23196 --- [taxetnb-client] [           main] com.netflix.discovery.DiscoveryClient    : Force full registry fetch : false
2024-01-16T21:31:14.322+01:00  INFO 23196 --- [taxetnb-client] [           main] com.netflix.discovery.DiscoveryClient    : Application is null : false
2024-01-16T21:31:14.322+01:00  INFO 23196 --- [taxetnb-client] [           main] com.netflix.discovery.DiscoveryClient    : Registered Applications size is zero : true
2024-01-16T21:31:14.323+01:00  INFO 23196 --- [taxetnb-client] [           main] com.netflix.discovery.DiscoveryClient    : Application version is -1: true
2024-01-16T21:31:14.323+01:00  INFO 23196 --- [taxetnb-client] [           main] com.netflix.discovery.DiscoveryClient    : Getting all instance registry info from the eureka server
2024-01-16T21:31:15.548+01:00  INFO 23196 --- [taxetnb-client] [           main] com.netflix.discovery.DiscoveryClient    : The response status is 200
2024-01-16T21:31:15.554+01:00  INFO 23196 --- [taxetnb-client] [           main] com.netflix.discovery.DiscoveryClient    : Starting heartbeat executor: renew interval is: 30
2024-01-16T21:31:15.562+01:00  INFO 23196 --- [taxetnb-client] [           main] c.n.discovery.InstanceInfoReplicator     : InstanceInfoReplicator onDemand update allowed rate per min is 4
2024-01-16T21:31:15.576+01:00  INFO 23196 --- [taxetnb-client] [           main] com.netflix.discovery.DiscoveryClient    : Discovery Client initialized at timestamp 1705437075572 with initial instances count: 0
2024-01-16T21:31:15.585+01:00  INFO 23196 --- [taxetnb-client] [           main] o.s.c.n.e.s.EurekaServiceRegistry        : Registering application TAXETNB-CLIENT with eureka with status UP
2024-01-16T21:31:15.587+01:00  INFO 23196 --- [taxetnb-client] [           main] com.netflix.discovery.DiscoveryClient    : Saw local status change event StatusChangeEvent [timestamp=1705437075587, current=UP, previous=STARTING]
2024-01-16T21:31:15.591+01:00  INFO 23196 --- [taxetnb-client] [nfoReplicator-0] com.netflix.discovery.DiscoveryClient    : DiscoveryClient_TAXETNB-CLIENT/localhost:taxetnb-client:8083: registering service...
2024-01-16T21:31:15.630+01:00  INFO 23196 --- [taxetnb-client] [           main] c.client.tmp.ClientTmpApplicationTests   : Started ClientTmpApplicationTests in 20.804 seconds (process running for 23.116)
2024-01-16T21:31:15.945+01:00  INFO 23196 --- [taxetnb-client] [nfoReplicator-0] com.netflix.discovery.DiscoveryClient    : DiscoveryClient_TAXETNB-CLIENT/localhost:taxetnb-client:8083 - registration status: 204
]]></system-out>
  </testcase>
</testsuite>